<?xml version="1.0" encoding="UTF-8"?>
<!-- Generated by org.testng.reporters.JUnitReportReporter -->
<testsuite hostname="Seema_Shukla" failures="0" tests="3" name="ETOE.gJE.Testcase3" time="0.013" errors="0" timestamp="19 Oct 2021 05:13:22 GMT">
  <testcase classname="ETOE.gJE.Testcase3" name="Testcase" time="0.010"/>
  <testcase classname="ETOE.gJE.Testcase3" name="Testcase2" time="0.001"/>
  <testcase classname="ETOE.gJE.Testcase3" name="Usemethod" time="0.002"/>
</testsuite> <!-- ETOE.gJE.Testcase3 -->
