<?xml version="1.0" encoding="UTF-8"?>
<!-- Generated by org.testng.reporters.JUnitReportReporter -->
<testsuite hostname="Seema_Shukla" failures="0" tests="1" name="ETOE.gJE.AgainClass" time="0.011" errors="0" timestamp="19 Oct 2021 06:21:28 GMT">
  <testcase classname="ETOE.gJE.AgainClass" name="mainmehod" time="0.011"/>
</testsuite> <!-- ETOE.gJE.AgainClass -->
