<?xml version="1.0" encoding="UTF-8"?>
<!-- Generated by org.testng.reporters.JUnitReportReporter -->
<testsuite hostname="Seema_Shukla" failures="0" tests="1" name="ETOE.gJE.TestBike" time="0.009" errors="0" timestamp="19 Oct 2021 05:47:20 GMT">
  <testcase classname="ETOE.gJE.TestBike" name="test" time="0.009"/>
</testsuite> <!-- ETOE.gJE.TestBike -->
