<?xml version="1.0" encoding="UTF-8"?>
<!-- Generated by org.testng.reporters.JUnitReportReporter -->
<testsuite hostname="Seema_Shukla" failures="0" tests="1" name="ETOE.gJE.Otherclass" time="0.011" errors="0" timestamp="19 Oct 2021 05:17:07 GMT">
  <testcase classname="ETOE.gJE.Otherclass" name="Testcase" time="0.011"/>
</testsuite> <!-- ETOE.gJE.Otherclass -->
