<?xml version="1.0" encoding="UTF-8"?>
<!-- Generated by org.testng.reporters.JUnitReportReporter -->
<testsuite hostname="Seema_Shukla" failures="0" tests="1" name="ETOE.gJE.UseMethods" time="0.010" errors="0" timestamp="19 Oct 2021 06:01:35 GMT">
  <testcase classname="ETOE.gJE.UseMethods" name="clallingside" time="0.010"/>
</testsuite> <!-- ETOE.gJE.UseMethods -->
