<?xml version="1.0" encoding="UTF-8"?>
<!-- Generated by org.testng.reporters.JUnitReportReporter -->
<testsuite hostname="Seema_Shukla" failures="0" tests="2" name="ETOE.gJE.Testcase2" time="0.014" errors="0" timestamp="19 Oct 2021 05:10:17 GMT">
  <testcase classname="ETOE.gJE.Testcase2" name="Testcase" time="0.013"/>
  <testcase classname="ETOE.gJE.Testcase2" name="add" time="0.001"/>
</testsuite> <!-- ETOE.gJE.Testcase2 -->
