<?xml version="1.0" encoding="UTF-8"?>
<!-- Generated by org.testng.reporters.JUnitReportReporter -->
<testsuite hostname="Seema_Shukla" failures="0" tests="1" name="ETOE.gJE.Testcase" time="0.010" errors="0" timestamp="19 Oct 2021 05:02:45 GMT">
  <testcase classname="ETOE.gJE.Testcase" name="Testcase" time="0.010"/>
</testsuite> <!-- ETOE.gJE.Testcase -->
